2020-01-28 15:23:53.213  INFO 5620 --- [restartedMain] c.a.s.SpringBootStudentdemoApplication   : Starting SpringBootStudentdemoApplication on DESKTOP-DF302QI with PID 5620 (C:\Users\saurabh\Documents\workspace-sts-3.9.11.RELEASE\spring-boot-studentdemo\target\classes started by saurabh in C:\Users\saurabh\Documents\workspace-sts-3.9.11.RELEASE\spring-boot-studentdemo)
2020-01-28 15:23:53.213  INFO 5620 --- [restartedMain] c.a.s.SpringBootStudentdemoApplication   : No active profile set, falling back to default profiles: default
2020-01-28 15:23:53.518  INFO 5620 --- [restartedMain] o.s.b.w.embedded.tomcat.TomcatWebServer  : Tomcat initialized with port(s): 8082 (http)
2020-01-28 15:23:53.519  INFO 5620 --- [restartedMain] o.apache.catalina.core.StandardService   : Starting service [Tomcat]
2020-01-28 15:23:53.520  INFO 5620 --- [restartedMain] org.apache.catalina.core.StandardEngine  : Starting Servlet engine: [Apache Tomcat/9.0.30]
2020-01-28 15:23:53.588  INFO 5620 --- [restartedMain] org.apache.jasper.servlet.TldScanner     : At least one JAR was scanned for TLDs yet contained no TLDs. Enable debug logging for this logger for a complete list of JARs that were scanned but no TLDs were found in them. Skipping unneeded JARs during scanning can improve startup time and JSP compilation time.
2020-01-28 15:23:53.593  INFO 5620 --- [restartedMain] o.a.c.c.C.[Tomcat].[localhost].[/]       : Initializing Spring embedded WebApplicationContext
2020-01-28 15:23:53.598  INFO 5620 --- [restartedMain] o.s.web.context.ContextLoader            : Root WebApplicationContext: initialization completed in 380 ms
2020-01-28 15:23:53.669  INFO 5620 --- [restartedMain] o.s.s.concurrent.ThreadPoolTaskExecutor  : Initializing ExecutorService 'applicationTaskExecutor'
2020-01-28 15:23:53.723  INFO 5620 --- [restartedMain] o.s.b.d.a.OptionalLiveReloadServer       : LiveReload server is running on port 35729
2020-01-28 15:23:53.743  INFO 5620 --- [restartedMain] o.s.b.w.embedded.tomcat.TomcatWebServer  : Tomcat started on port(s): 8082 (http) with context path ''
2020-01-28 15:23:53.743  INFO 5620 --- [restartedMain] c.a.s.SpringBootStudentdemoApplication   : Started SpringBootStudentdemoApplication in 0.583 seconds (JVM running for 16870.739)
2020-01-28 15:23:53.743  INFO 5620 --- [restartedMain] .ConditionEvaluationDeltaLoggingListener : Condition evaluation unchanged
2020-01-28 15:24:16.675  INFO 5620 --- [http-nio-8082-exec-2] o.a.c.c.C.[Tomcat].[localhost].[/]       : Initializing Spring DispatcherServlet 'dispatcherServlet'
2020-01-28 15:24:16.676  INFO 5620 --- [http-nio-8082-exec-2] o.s.web.servlet.DispatcherServlet        : Initializing Servlet 'dispatcherServlet'
2020-01-28 15:24:16.682  INFO 5620 --- [http-nio-8082-exec-2] o.s.web.servlet.DispatcherServlet        : Completed initialization in 5 ms
2020-01-28 15:24:16.686  INFO 5620 --- [http-nio-8082-exec-2] com.zaxxer.hikari.HikariDataSource       : HikariPool-5 - Starting...
2020-01-28 15:24:16.862  INFO 5620 --- [http-nio-8082-exec-2] com.zaxxer.hikari.HikariDataSource       : HikariPool-5 - Start completed.
2020-01-28 15:24:32.041  INFO 5620 --- [http-nio-8082-exec-5] c.a.s.r.StudentRestController            : creating student:Student [roll_number=null, name=saurabh, city=abc, email_id=com, contact_number=56566]
2020-01-28 15:24:46.806  INFO 5620 --- [http-nio-8082-exec-6] c.a.s.r.StudentRestController            : getting student by roll numberStudent [roll_number=1, name=saurabh, city=shirdi, email_id=saurabhkote13@shirdi.com, contact_number=8087]
2020-01-28 15:24:49.543  INFO 5620 --- [http-nio-8082-exec-8] c.a.s.r.StudentRestController            : getting student by roll numberStudent [roll_number=1, name=saurabh, city=shirdi, email_id=saurabhkote13@shirdi.com, contact_number=8087]
2020-01-28 15:28:16.374  INFO 5620 --- [Thread-123] o.s.s.concurrent.ThreadPoolTaskExecutor  : Shutting down ExecutorService 'applicationTaskExecutor'
2020-01-28 15:28:16.375  INFO 5620 --- [Thread-123] com.zaxxer.hikari.HikariDataSource       : HikariPool-5 - Shutdown initiated...
2020-01-28 15:28:16.407  INFO 5620 --- [Thread-123] com.zaxxer.hikari.HikariDataSource       : HikariPool-5 - Shutdown completed.
2020-01-28 15:28:16.933  INFO 5620 --- [restartedMain] c.a.s.SpringBootStudentdemoApplication   : Starting SpringBootStudentdemoApplication on DESKTOP-DF302QI with PID 5620 (C:\Users\saurabh\Documents\workspace-sts-3.9.11.RELEASE\spring-boot-studentdemo\target\classes started by saurabh in C:\Users\saurabh\Documents\workspace-sts-3.9.11.RELEASE\spring-boot-studentdemo)
2020-01-28 15:28:16.934 DEBUG 5620 --- [restartedMain] c.a.s.SpringBootStudentdemoApplication   : Running with Spring Boot v2.2.4.RELEASE, Spring v5.2.3.RELEASE
2020-01-28 15:28:16.934  INFO 5620 --- [restartedMain] c.a.s.SpringBootStudentdemoApplication   : No active profile set, falling back to default profiles: default
2020-01-28 15:28:17.203  INFO 5620 --- [restartedMain] o.s.b.w.embedded.tomcat.TomcatWebServer  : Tomcat initialized with port(s): 8082 (http)
2020-01-28 15:28:17.208  INFO 5620 --- [restartedMain] o.apache.catalina.core.StandardService   : Starting service [Tomcat]
2020-01-28 15:28:17.208  INFO 5620 --- [restartedMain] org.apache.catalina.core.StandardEngine  : Starting Servlet engine: [Apache Tomcat/9.0.30]
2020-01-28 15:28:17.280  INFO 5620 --- [restartedMain] org.apache.jasper.servlet.TldScanner     : At least one JAR was scanned for TLDs yet contained no TLDs. Enable debug logging for this logger for a complete list of JARs that were scanned but no TLDs were found in them. Skipping unneeded JARs during scanning can improve startup time and JSP compilation time.
2020-01-28 15:28:17.285  INFO 5620 --- [restartedMain] o.a.c.c.C.[Tomcat].[localhost].[/]       : Initializing Spring embedded WebApplicationContext
2020-01-28 15:28:17.285  INFO 5620 --- [restartedMain] o.s.web.context.ContextLoader            : Root WebApplicationContext: initialization completed in 349 ms
2020-01-28 15:28:17.369  INFO 5620 --- [restartedMain] o.s.s.concurrent.ThreadPoolTaskExecutor  : Initializing ExecutorService 'applicationTaskExecutor'
2020-01-28 15:28:17.433  INFO 5620 --- [restartedMain] o.s.b.d.a.OptionalLiveReloadServer       : LiveReload server is running on port 35729
2020-01-28 15:28:17.449  INFO 5620 --- [restartedMain] o.s.b.w.embedded.tomcat.TomcatWebServer  : Tomcat started on port(s): 8082 (http) with context path ''
2020-01-28 15:28:17.450  INFO 5620 --- [restartedMain] c.a.s.SpringBootStudentdemoApplication   : Started SpringBootStudentdemoApplication in 0.551 seconds (JVM running for 17134.443)
2020-01-28 15:28:17.451  INFO 5620 --- [restartedMain] .ConditionEvaluationDeltaLoggingListener : Condition evaluation unchanged
2020-01-28 15:28:38.173  INFO 5620 --- [http-nio-8082-exec-2] o.a.c.c.C.[Tomcat].[localhost].[/]       : Initializing Spring DispatcherServlet 'dispatcherServlet'
2020-01-28 15:28:38.174  INFO 5620 --- [http-nio-8082-exec-2] o.s.web.servlet.DispatcherServlet        : Initializing Servlet 'dispatcherServlet'
2020-01-28 15:28:38.179  INFO 5620 --- [http-nio-8082-exec-2] o.s.web.servlet.DispatcherServlet        : Completed initialization in 5 ms
2020-01-28 15:28:38.183  INFO 5620 --- [http-nio-8082-exec-2] com.zaxxer.hikari.HikariDataSource       : HikariPool-6 - Starting...
2020-01-28 15:28:38.269  INFO 5620 --- [http-nio-8082-exec-2] com.zaxxer.hikari.HikariDataSource       : HikariPool-6 - Start completed.
2020-01-28 15:28:38.306 DEBUG 5620 --- [http-nio-8082-exec-2] c.a.s.r.StudentRestController            : getting Student by name[Student [roll_number=3, name=sainath, city=shirdi, email_id=sai@shirdi.com, contact_number=12345678]]
2020-01-28 15:28:43.055  INFO 5620 --- [http-nio-8082-exec-3] c.a.s.r.StudentRestController            : getting student by roll numberStudent [roll_number=1, name=saurabh, city=shirdi, email_id=saurabhkote13@shirdi.com, contact_number=8087]
2020-01-28 15:28:46.829  INFO 5620 --- [http-nio-8082-exec-4] c.a.s.r.StudentRestController            : getting student by roll numberStudent [roll_number=1, name=saurabh, city=shirdi, email_id=saurabhkote13@shirdi.com, contact_number=8087]
2020-01-28 15:28:52.510 DEBUG 5620 --- [http-nio-8082-exec-5] c.a.s.r.StudentRestController            : updating Student:Student [roll_number=3, name=sainath, city=shirdi, email_id=sai@shirdi.com, contact_number=12345678]
2020-01-28 15:28:55.431 DEBUG 5620 --- [http-nio-8082-exec-6] c.a.s.r.StudentRestController            : deleting user of roll number:4
2020-01-28 15:28:59.072  INFO 5620 --- [http-nio-8082-exec-7] c.a.s.r.StudentRestController            : creating student:Student [roll_number=null, name=saurabh, city=abc, email_id=com, contact_number=56566]
2020-01-28 15:29:04.084 DEBUG 5620 --- [http-nio-8082-exec-8] c.a.s.r.StudentRestController            : displaying list of students:[Student [roll_number=1, name=saurabh, city=shirdi, email_id=saurabhkote13@shirdi.com, contact_number=8087], Student [roll_number=2, name=mona, city=shirdi, email_id=mau@sau.com, contact_number=123], Student [roll_number=3, name=sainath, city=shirdi, email_id=sai@shirdi.com, contact_number=12345678], Student [roll_number=5, name=saurabh, city=abc, email_id=com, contact_number=56566], Student [roll_number=6, name=saurabh, city=abc, email_id=com, contact_number=56566], Student [roll_number=7, name=saurabh, city=abc, email_id=com, contact_number=56566]]
2020-01-28 16:02:37.927  WARN 5620 --- [HikariPool-6 housekeeper] com.zaxxer.hikari.pool.HikariPool        : HikariPool-6 - Thread starvation or clock leap detected (housekeeper delta=29m29s555ms723µs999ns).
2020-01-28 18:59:47.174  WARN 5620 --- [HikariPool-6 housekeeper] com.zaxxer.hikari.pool.HikariPool        : HikariPool-6 - Thread starvation or clock leap detected (housekeeper delta=2h49m9s223ms368µs200ns).
2020-01-28 22:03:55.461  WARN 5620 --- [HikariPool-6 housekeeper] com.zaxxer.hikari.pool.HikariPool        : HikariPool-6 - Thread starvation or clock leap detected (housekeeper delta=1h27m7s834ms776µs499ns).
2020-01-28 22:11:01.927 DEBUG 5620 --- [http-nio-8082-exec-10] c.a.s.r.StudentRestController            : displaying list of students:[Student [roll_number=1, name=saurabh, city=shirdi, email_id=saurabhkote13@shirdi.com, contact_number=8087], Student [roll_number=2, name=mona, city=shirdi, email_id=mau@sau.com, contact_number=123], Student [roll_number=3, name=sainath, city=shirdi, email_id=sai@shirdi.com, contact_number=12345678], Student [roll_number=5, name=saurabh, city=abc, email_id=com, contact_number=56566], Student [roll_number=6, name=saurabh, city=abc, email_id=com, contact_number=56566], Student [roll_number=7, name=saurabh, city=abc, email_id=com, contact_number=56566]]
2020-01-28 23:08:07.872  INFO 5620 --- [RMI TCP Connection(2)-127.0.0.1] inMXBeanRegistrar$SpringApplicationAdmin : Application shutdown requested.
2020-01-28 23:08:07.986  INFO 5620 --- [RMI TCP Connection(2)-127.0.0.1] o.s.s.concurrent.ThreadPoolTaskExecutor  : Shutting down ExecutorService 'applicationTaskExecutor'
2020-01-28 23:08:08.003  INFO 5620 --- [RMI TCP Connection(2)-127.0.0.1] com.zaxxer.hikari.HikariDataSource       : HikariPool-6 - Shutdown initiated...
2020-01-28 23:08:08.016  INFO 5620 --- [RMI TCP Connection(2)-127.0.0.1] com.zaxxer.hikari.HikariDataSource       : HikariPool-6 - Shutdown completed.
